#
# A fatal error has been detected by the Java Runtime Environment:
#
#  Internal Error (methodData.cpp:1025), pid=10444, tid=0x0000000000000984
#  Error: ShouldNotReachHere()
#
# JRE version: OpenJDK Runtime Environment (8.0_242-b01) (build 1.8.0_242-release-1644-b01)
# Java VM: OpenJDK 64-Bit Server VM (25.242-b01 mixed mode windows-amd64 compressed oops)
# Failed to write core dump. Minidumps are not enabled by default on client versions of Windows
#
# If you would like to submit a bug report, please visit:
#   
#

---------------  T H R E A D  ---------------

Current thread (0x00000000188ae000):  JavaThread "C2 CompilerThread0" daemon [_thread_in_vm, id=2436, stack(0x000000001a3a0000,0x000000001a4a0000)]

Stack: [0x000000001a3a0000,0x000000001a4a0000]
[error occurred during error reporting (printing stack bounds), id 0xc0000005]

Native frames: (J=compiled Java code, j=interpreted, Vv=VM code, C=native code)


Current CompileTask:
C2:  19349 13818       4       org.gradle.api.internal.tasks.properties.bean.AbstractNestedRuntimeBeanNode::visitProperties (138 bytes)


---------------  P R O C E S S  ---------------

Java Threads: ( => current thread )
  0x0000000023ded000 JavaThread "Cache worker for execution history cache (E:\MyProgram\1.0\AiXiaoYuan\.gradle\5.4.1\executionHistory)" [_thread_blocked, id=9956, stack(0x0000000029e00000,0x0000000029f00000)]
  0x000000001ca6a800 JavaThread "Cache worker for file content cache (E:\MyProgram\1.0\AiXiaoYuan\.gradle\5.4.1\fileContent)" [_thread_blocked, id=8824, stack(0x00000000280e0000,0x00000000281e0000)]
  0x000000001ca71000 JavaThread "Cache worker for Build Output Cleanup Cache (E:\MyProgram\1.0\AiXiaoYuan\.gradle\buildOutputCleanup)" [_thread_blocked, id=8856, stack(0x0000000026e10000,0x0000000026f10000)]
  0x000000001ca6f800 JavaThread "Build operations Thread 16" [_thread_blocked, id=2588, stack(0x0000000025720000,0x0000000025820000)]
  0x000000001ca6f000 JavaThread "Build operations Thread 15" [_thread_blocked, id=4688, stack(0x0000000025620000,0x0000000025720000)]
  0x000000001ca72800 JavaThread "Build operations Thread 14" [_thread_blocked, id=2536, stack(0x0000000025520000,0x0000000025620000)]
  0x000000001ca6e000 JavaThread "Build operations Thread 13" [_thread_blocked, id=2380, stack(0x0000000025420000,0x0000000025520000)]
  0x000000001ca74000 JavaThread "Build operations Thread 12" [_thread_blocked, id=4800, stack(0x0000000025210000,0x0000000025310000)]
  0x000000001ca66800 JavaThread "Build operations Thread 11" [_thread_blocked, id=1000, stack(0x0000000025110000,0x0000000025210000)]
  0x000000001ca6b000 JavaThread "Build operations Thread 10" [_thread_blocked, id=3132, stack(0x0000000025010000,0x0000000025110000)]
  0x000000001ca68000 JavaThread "Build operations Thread 9" [_thread_blocked, id=2188, stack(0x0000000024f10000,0x0000000025010000)]
  0x0000000023a3b800 JavaThread "Build operations Thread 8" [_thread_blocked, id=2184, stack(0x0000000024e10000,0x0000000024f10000)]
  0x0000000023a39000 JavaThread "Build operations Thread 7" [_thread_blocked, id=5392, stack(0x0000000024d10000,0x0000000024e10000)]
  0x0000000023a3a800 JavaThread "Build operations Thread 6" [_thread_blocked, id=12896, stack(0x0000000024c10000,0x0000000024d10000)]
  0x0000000023a31000 JavaThread "Build operations Thread 5" [_thread_blocked, id=12900, stack(0x0000000024b10000,0x0000000024c10000)]
  0x0000000023a35800 JavaThread "Build operations Thread 4" [_thread_blocked, id=12892, stack(0x0000000024a10000,0x0000000024b10000)]
  0x0000000023a37800 JavaThread "Build operations Thread 3" [_thread_blocked, id=13024, stack(0x0000000024910000,0x0000000024a10000)]
  0x0000000023a34000 JavaThread "Build operations Thread 2" [_thread_blocked, id=6992, stack(0x0000000024810000,0x0000000024910000)]
  0x0000000023a30000 JavaThread "Build operations" [_thread_blocked, id=12564, stack(0x0000000024710000,0x0000000024810000)]
  0x0000000023a34800 JavaThread "Cache worker for cache directory md-rule (C:\Users\Administrator\.gradle\caches\5.4.1\md-rule)" [_thread_blocked, id=4812, stack(0x0000000024610000,0x0000000024710000)]
  0x0000000023a2c800 JavaThread "Cache worker for cache directory md-supplier (C:\Users\Administrator\.gradle\caches\5.4.1\md-supplier)" [_thread_blocked, id=5280, stack(0x0000000024510000,0x0000000024610000)]
  0x0000000023a2e000 JavaThread "Cache worker for file hash cache (E:\MyProgram\1.0\AiXiaoYuan\.gradle\5.4.1\fileHashes)" [_thread_blocked, id=1848, stack(0x0000000022e40000,0x0000000022f40000)]
  0x0000000023a2e800 JavaThread "Thread-56" [_thread_blocked, id=5248, stack(0x0000000022d40000,0x0000000022e40000)]
  0x0000000023a32800 JavaThread "Stdin handler" [_thread_blocked, id=3088, stack(0x000000001ff30000,0x0000000020030000)]
  0x0000000023a2f800 JavaThread "Asynchronous log dispatcher for DefaultDaemonConnection: socket connection from /127.0.0.1:50304 to /127.0.0.1:50324" [_thread_blocked, id=6424, stack(0x000000001e760000,0x000000001e860000)]
  0x0000000023a2d000 JavaThread "Cancel handler" [_thread_blocked, id=6352, stack(0x000000001e360000,0x000000001e460000)]
  0x0000000023a33000 JavaThread "Handler for socket connection from /127.0.0.1:50304 to /127.0.0.1:50324" [_thread_in_native, id=5200, stack(0x000000001e060000,0x000000001e160000)]
  0x000000001f023800 JavaThread "Cache worker for file content cache (C:\Users\Administrator\.gradle\caches\5.4.1\fileContent)" [_thread_blocked, id=2068, stack(0x0000000026d10000,0x0000000026e10000)]
  0x000000001f020800 JavaThread "Memory manager" [_thread_blocked, id=4752, stack(0x0000000025320000,0x0000000025420000)]
  0x000000001ca67800 JavaThread "Cache worker for execution history cache (C:\Users\Administrator\.gradle\caches\5.4.1\executionHistory)" [_thread_blocked, id=6588, stack(0x0000000022f40000,0x0000000023040000)]
  0x000000001ca6c000 JavaThread "Cache worker for journal cache (C:\Users\Administrator\.gradle\caches\journal-1)" [_thread_blocked, id=10212, stack(0x000000001ec60000,0x000000001ed60000)]
  0x00000000188bd000 JavaThread "File lock request listener" [_thread_in_native, id=9140, stack(0x000000001eb60000,0x000000001ec60000)]
  0x000000001c2a5800 JavaThread "Cache worker for file hash cache (C:\Users\Administrator\.gradle\caches\5.4.1\fileHashes)" [_thread_blocked, id=12844, stack(0x000000001e860000,0x000000001e960000)]
  0x000000001be17000 JavaThread "Daemon worker" [_thread_in_Java, id=5620, stack(0x000000001e460000,0x000000001e560000)]
  0x000000001c4ac000 JavaThread "Daemon" [_thread_blocked, id=12608, stack(0x000000001df60000,0x000000001e060000)]
  0x000000001c10b000 JavaThread "Daemon periodic checks" [_thread_blocked, id=10220, stack(0x000000001de60000,0x000000001df60000)]
  0x000000001c10a800 JavaThread "Incoming local TCP Connector on port 50304" [_thread_in_native, id=13028, stack(0x000000001dcb0000,0x000000001ddb0000)]
  0x000000001d05a800 JavaThread "Daemon health stats" [_thread_blocked, id=3008, stack(0x000000001d9b0000,0x000000001dab0000)]
  0x0000000018999800 JavaThread "Service Thread" daemon [_thread_blocked, id=3508, stack(0x000000001afa0000,0x000000001b0a0000)]
  0x00000000188bb800 JavaThread "C1 CompilerThread11" daemon [_thread_blocked, id=3868, stack(0x000000001aea0000,0x000000001afa0000)]
  0x00000000188be800 JavaThread "C1 CompilerThread10" daemon [_thread_blocked, id=3864, stack(0x000000001ada0000,0x000000001aea0000)]
  0x00000000188ba000 JavaThread "C1 CompilerThread9" daemon [_thread_blocked, id=2076, stack(0x000000001aca0000,0x000000001ada0000)]
  0x00000000188b9800 JavaThread "C1 CompilerThread8" daemon [_thread_blocked, id=3876, stack(0x000000001aba0000,0x000000001aca0000)]
  0x00000000188be000 JavaThread "C2 CompilerThread7" daemon [_thread_in_native, id=3928, stack(0x000000001aaa0000,0x000000001aba0000)]
  0x00000000188bf800 JavaThread "C2 CompilerThread6" daemon [_thread_blocked, id=3896, stack(0x000000001a9a0000,0x000000001aaa0000)]
  0x00000000188b8800 JavaThread "C2 CompilerThread5" daemon [_thread_in_native, id=10096, stack(0x000000001a8a0000,0x000000001a9a0000)]
  0x00000000188bb000 JavaThread "C2 CompilerThread4" daemon [_thread_blocked, id=10176, stack(0x000000001a7a0000,0x000000001a8a0000)]
  0x00000000188b8000 JavaThread "C2 CompilerThread3" daemon [_thread_blocked, id=2496, stack(0x000000001a6a0000,0x000000001a7a0000)]
  0x00000000188b1000 JavaThread "C2 CompilerThread2" daemon [_thread_blocked, id=2500, stack(0x000000001a5a0000,0x000000001a6a0000)]
  0x00000000188af800 JavaThread "C2 CompilerThread1" daemon [_thread_blocked, id=2492, stack(0x000000001a4a0000,0x000000001a5a0000)]
=>0x00000000188ae000 JavaThread "C2 CompilerThread0" daemon [_thread_in_vm, id=2436, stack(0x000000001a3a0000,0x000000001a4a0000)]
  0x00000000188ad800 JavaThread "Attach Listener" daemon [_thread_blocked, id=1080, stack(0x000000001a2a0000,0x000000001a3a0000)]
  0x0000000018855000 JavaThread "Signal Dispatcher" daemon [_thread_blocked, id=9092, stack(0x000000001a1a0000,0x000000001a2a0000)]
  0x0000000016dc3800 JavaThread "Finalizer" daemon [_thread_blocked, id=10896, stack(0x000000001a0a0000,0x000000001a1a0000)]
  0x0000000018836000 JavaThread "Reference Handler" daemon [_thread_blocked, id=1520, stack(0x0000000019fa0000,0x000000001a0a0000)]
  0x000000000288e000 JavaThread "main" [_thread_blocked, id=12196, stack(0x0000000002900000,0x0000000002a00000)]

Other Threads:
  0x0000000018812800 VMThread [stack: 0x0000000019ea0000,0x0000000019fa0000] [id=1392]
  0x0000000018981000 WatcherThread [stack: 0x000000001b0a0000,0x000000001b1a0000] [id=4044]

VM state:not at safepoint (normal execution)

VM Mutex/Monitor currently owned by a thread: None

heap address: 0x00000000a0000000, size: 1536 MB, Compressed Oops mode: 32-bit
Narrow klass base: 0x0000000000000000, Narrow klass shift: 3
Compressed class space size: 1073741824 Address: 0x0000000100000000

Heap:
 PSYoungGen      total 208384K, used 126266K [0x00000000e0000000, 0x00000000f1980000, 0x0000000100000000)
  eden space 163840K, 54% used [0x00000000e0000000,0x00000000e56b4a90,0x00000000ea000000)
  from space 44544K, 84% used [0x00000000ea000000,0x00000000ec499e68,0x00000000ecb80000)
  to   space 48128K, 0% used [0x00000000eea80000,0x00000000eea80000,0x00000000f1980000)
 ParOldGen       total 302080K, used 74643K [0x00000000a0000000, 0x00000000b2700000, 0x00000000e0000000)
  object space 302080K, 24% used [0x00000000a0000000,0x00000000a48e4f00,0x00000000b2700000)
 Metaspace       used 75506K, capacity 79816K, committed 80040K, reserved 1118208K
  class space    used 9982K, capacity 10863K, committed 10920K, reserved 1048576K

Card table byte_map: [0x0000000011ec0000,0x00000000121d0000] byte_map_base: 0x00000000119c0000

Marking Bits: (ParMarkBitMap*) 0x000000006c94f030
 Begin Bits: [0x00000000130d0000, 0x00000000148d0000)
 End Bits:   [0x00000000148d0000, 0x00000000160d0000)

Polling page: 0x00000000003c0000

CodeCache: size=245760Kb used=39357Kb max_used=39360Kb free=206402Kb
 bounds [0x0000000002b00000, 0x00000000051b0000, 0x0000000011b00000]
 total_blobs=12550 nmethods=11728 adapters=730
 compilation: enabled

Compilation events (10 events):
Event: 19.346 Thread 0x00000000188bb800 nmethod 13815 0x0000000003d8b7d0 code [0x0000000003d8b940, 0x0000000003d8bb68]
Event: 19.346 Thread 0x00000000188b9800 nmethod 13813 0x0000000003d904d0 code [0x0000000003d90620, 0x0000000003d90730]
Event: 19.346 Thread 0x00000000188b9800 13817       1       com.google.common.collect.ImmutableCollection::internalArray (2 bytes)
Event: 19.346 Thread 0x00000000188b9800 nmethod 13817 0x00000000049082d0 code [0x0000000004908420, 0x0000000004908530]
Event: 19.346 Thread 0x00000000188be800 nmethod 13816 0x000000000519d450 code [0x000000000519d5c0, 0x000000000519d8b0]
Event: 19.346 Thread 0x00000000188ae000 13818       4       org.gradle.api.internal.tasks.properties.bean.AbstractNestedRuntimeBeanNode::visitProperties (138 bytes)
Event: 19.346 Thread 0x00000000188af800 nmethod 13807 0x0000000003ede5d0 code [0x0000000003ede720, 0x0000000003edecd8]
Event: 19.347 Thread 0x00000000188ba000 nmethod 13814 0x0000000005195b10 code [0x0000000005195dc0, 0x0000000005196f38]
Event: 19.347 Thread 0x00000000188b8000 13819       4       org.gradle.api.internal.attributes.ImmutableAttributeContainerWithErrorMessage::asImmutable (10 bytes)
Event: 19.347 Thread 0x00000000188b8000 nmethod 13819 0x0000000004907f90 code [0x00000000049080e0, 0x0000000004908178]

GC Heap History (10 events):
Event: 5.131 GC heap before
{Heap before GC invocations=14 (full 3):
 PSYoungGen      total 147968K, used 147608K [0x00000000e0000000, 0x00000000eaf00000, 0x0000000100000000)
  eden space 133632K, 100% used [0x00000000e0000000,0x00000000e8280000,0x00000000e8280000)
  from space 14336K, 97% used [0x00000000ea100000,0x00000000eaea6078,0x00000000eaf00000)
  to   space 21504K, 0% used [0x00000000e8500000,0x00000000e8500000,0x00000000e9a00000)
 ParOldGen       total 302080K, used 39360K [0x00000000a0000000, 0x00000000b2700000, 0x00000000e0000000)
  object space 302080K, 13% used [0x00000000a0000000,0x00000000a26703a8,0x00000000b2700000)
 Metaspace       used 65675K, capacity 68852K, committed 69032K, reserved 1107968K
  class space    used 8836K, capacity 9561K, committed 9640K, reserved 1048576K
Event: 5.142 GC heap after
Heap after GC invocations=14 (full 3):
 PSYoungGen      total 157696K, used 21490K [0x00000000e0000000, 0x00000000ec480000, 0x0000000100000000)
  eden space 136192K, 0% used [0x00000000e0000000,0x00000000e0000000,0x00000000e8500000)
  from space 21504K, 99% used [0x00000000e8500000,0x00000000e99fc928,0x00000000e9a00000)
  to   space 25088K, 0% used [0x00000000eac00000,0x00000000eac00000,0x00000000ec480000)
 ParOldGen       total 302080K, used 42971K [0x00000000a0000000, 0x00000000b2700000, 0x00000000e0000000)
  object space 302080K, 14% used [0x00000000a0000000,0x00000000a29f6de0,0x00000000b2700000)
 Metaspace       used 65675K, capacity 68852K, committed 69032K, reserved 1107968K
  class space    used 8836K, capacity 9561K, committed 9640K, reserved 1048576K
}
Event: 5.540 GC heap before
{Heap before GC invocations=15 (full 3):
 PSYoungGen      total 157696K, used 157682K [0x00000000e0000000, 0x00000000ec480000, 0x0000000100000000)
  eden space 136192K, 100% used [0x00000000e0000000,0x00000000e8500000,0x00000000e8500000)
  from space 21504K, 99% used [0x00000000e8500000,0x00000000e99fc928,0x00000000e9a00000)
  to   space 25088K, 0% used [0x00000000eac00000,0x00000000eac00000,0x00000000ec480000)
 ParOldGen       total 302080K, used 42971K [0x00000000a0000000, 0x00000000b2700000, 0x00000000e0000000)
  object space 302080K, 14% used [0x00000000a0000000,0x00000000a29f6de0,0x00000000b2700000)
 Metaspace       used 65924K, capacity 69120K, committed 69288K, reserved 1110016K
  class space    used 8846K, capacity 9573K, committed 9640K, reserved 1048576K
Event: 5.556 GC heap after
Heap after GC invocations=15 (full 3):
 PSYoungGen      total 170496K, used 25061K [0x00000000e0000000, 0x00000000ed780000, 0x0000000100000000)
  eden space 145408K, 0% used [0x00000000e0000000,0x00000000e0000000,0x00000000e8e00000)
  from space 25088K, 99% used [0x00000000eac00000,0x00000000ec479570,0x00000000ec480000)
  to   space 30720K, 0% used [0x00000000e8e00000,0x00000000e8e00000,0x00000000eac00000)
 ParOldGen       total 302080K, used 49330K [0x00000000a0000000, 0x00000000b2700000, 0x00000000e0000000)
  object space 302080K, 16% used [0x00000000a0000000,0x00000000a302cb60,0x00000000b2700000)
 Metaspace       used 65924K, capacity 69120K, committed 69288K, reserved 1110016K
  class space    used 8846K, capacity 9573K, committed 9640K, reserved 1048576K
}
Event: 6.009 GC heap before
{Heap before GC invocations=16 (full 3):
 PSYoungGen      total 170496K, used 170469K [0x00000000e0000000, 0x00000000ed780000, 0x0000000100000000)
  eden space 145408K, 100% used [0x00000000e0000000,0x00000000e8e00000,0x00000000e8e00000)
  from space 25088K, 99% used [0x00000000eac00000,0x00000000ec479570,0x00000000ec480000)
  to   space 30720K, 0% used [0x00000000e8e00000,0x00000000e8e00000,0x00000000eac00000)
 ParOldGen       total 302080K, used 49330K [0x00000000a0000000, 0x00000000b2700000, 0x00000000e0000000)
  object space 302080K, 16% used [0x00000000a0000000,0x00000000a302cb60,0x00000000b2700000)
 Metaspace       used 68554K, capacity 71874K, committed 71976K, reserved 1112064K
  class space    used 9212K, capacity 9942K, committed 10024K, reserved 1048576K
Event: 6.021 GC heap after
Heap after GC invocations=16 (full 3):
 PSYoungGen      total 176128K, used 30693K [0x00000000e0000000, 0x00000000ef000000, 0x0000000100000000)
  eden space 145408K, 0% used [0x00000000e0000000,0x00000000e0000000,0x00000000e8e00000)
  from space 30720K, 99% used [0x00000000e8e00000,0x00000000eabf9560,0x00000000eac00000)
  to   space 37376K, 0% used [0x00000000ecb80000,0x00000000ecb80000,0x00000000ef000000)
 ParOldGen       total 302080K, used 55790K [0x00000000a0000000, 0x00000000b2700000, 0x00000000e0000000)
  object space 302080K, 18% used [0x00000000a0000000,0x00000000a367ba18,0x00000000b2700000)
 Metaspace       used 68554K, capacity 71874K, committed 71976K, reserved 1112064K
  class space    used 9212K, capacity 9942K, committed 10024K, reserved 1048576K
}
Event: 18.616 GC heap before
{Heap before GC invocations=17 (full 3):
 PSYoungGen      total 176128K, used 176101K [0x00000000e0000000, 0x00000000ef000000, 0x0000000100000000)
  eden space 145408K, 100% used [0x00000000e0000000,0x00000000e8e00000,0x00000000e8e00000)
  from space 30720K, 99% used [0x00000000e8e00000,0x00000000eabf9560,0x00000000eac00000)
  to   space 37376K, 0% used [0x00000000ecb80000,0x00000000ecb80000,0x00000000ef000000)
 ParOldGen       total 302080K, used 55790K [0x00000000a0000000, 0x00000000b2700000, 0x00000000e0000000)
  object space 302080K, 18% used [0x00000000a0000000,0x00000000a367ba18,0x00000000b2700000)
 Metaspace       used 74643K, capacity 78382K, committed 78632K, reserved 1118208K
  class space    used 9898K, capacity 10710K, committed 10792K, reserved 1048576K
Event: 18.631 GC heap after
Heap after GC invocations=17 (full 3):
 PSYoungGen      total 201216K, used 37368K [0x00000000e0000000, 0x00000000ef980000, 0x0000000100000000)
  eden space 163840K, 0% used [0x00000000e0000000,0x00000000e0000000,0x00000000ea000000)
  from space 37376K, 99% used [0x00000000ecb80000,0x00000000eeffe2c8,0x00000000ef000000)
  to   space 44544K, 0% used [0x00000000ea000000,0x00000000ea000000,0x00000000ecb80000)
 ParOldGen       total 302080K, used 60514K [0x00000000a0000000, 0x00000000b2700000, 0x00000000e0000000)
  object space 302080K, 20% used [0x00000000a0000000,0x00000000a3b18bb0,0x00000000b2700000)
 Metaspace       used 74643K, capacity 78382K, committed 78632K, reserved 1118208K
  class space    used 9898K, capacity 10710K, committed 10792K, reserved 1048576K
}
Event: 19.062 GC heap before
{Heap before GC invocations=18 (full 3):
 PSYoungGen      total 201216K, used 201198K [0x00000000e0000000, 0x00000000ef980000, 0x0000000100000000)
  eden space 163840K, 99% used [0x00000000e0000000,0x00000000e9ffd700,0x00000000ea000000)
  from space 37376K, 99% used [0x00000000ecb80000,0x00000000eeffe2c8,0x00000000ef000000)
  to   space 44544K, 0% used [0x00000000ea000000,0x00000000ea000000,0x00000000ecb80000)
 ParOldGen       total 302080K, used 60514K [0x00000000a0000000, 0x00000000b2700000, 0x00000000e0000000)
  object space 302080K, 20% used [0x00000000a0000000,0x00000000a3b18bb0,0x00000000b2700000)
 Metaspace       used 75204K, capacity 79220K, committed 79528K, reserved 1118208K
  class space    used 9951K, capacity 10807K, committed 10920K, reserved 1048576K
Event: 19.078 GC heap after
Heap after GC invocations=18 (full 3):
 PSYoungGen      total 208384K, used 37479K [0x00000000e0000000, 0x00000000f1980000, 0x0000000100000000)
  eden space 163840K, 0% used [0x00000000e0000000,0x00000000e0000000,0x00000000ea000000)
  from space 44544K, 84% used [0x00000000ea000000,0x00000000ec499e68,0x00000000ecb80000)
  to   space 48128K, 0% used [0x00000000eea80000,0x00000000eea80000,0x00000000f1980000)
 ParOldGen       total 302080K, used 74643K [0x00000000a0000000, 0x00000000b2700000, 0x00000000e0000000)
  object space 302080K, 24% used [0x00000000a0000000,0x00000000a48e4f00,0x00000000b2700000)
 Metaspace       used 75204K, capacity 79220K, committed 79528K, reserved 1118208K
  class space    used 9951K, capacity 10807K, committed 10920K, reserved 1048576K
}

Deoptimization events (10 events):
Event: 18.857 Thread 0x000000001f01a800 Uncommon trap: reason=unstable_if action=reinterpret pc=0x0000000004852fec method=java.util.concurrent.ConcurrentLinkedQueue.offer(Ljava/lang/Object;)Z @ 40
Event: 18.868 Thread 0x000000001be17000 Uncommon trap: reason=unstable_if action=reinterpret pc=0x0000000004840bf0 method=java.util.concurrent.ConcurrentLinkedQueue.offer(Ljava/lang/Object;)Z @ 40
Event: 18.868 Thread 0x000000001be17000 Uncommon trap: reason=unstable_if action=reinterpret pc=0x0000000002f96820 method=java.util.concurrent.ConcurrentLinkedQueue.offer(Ljava/lang/Object;)Z @ 40
Event: 18.904 Thread 0x000000001be17000 Uncommon trap: reason=unstable_if action=reinterpret pc=0x0000000004593048 method=java.util.concurrent.ConcurrentLinkedQueue.offer(Ljava/lang/Object;)Z @ 40
Event: 18.930 Thread 0x000000001be17000 Uncommon trap: reason=unstable_if action=reinterpret pc=0x00000000048ee808 method=java.util.concurrent.ArrayBlockingQueue.enqueue(Ljava/lang/Object;)V @ 25
Event: 19.130 Thread 0x000000001f019000 Uncommon trap: reason=bimorphic action=maybe_recompile pc=0x0000000004db9ed0 method=java.io.ObjectOutputStream$BlockDataOutputStream.writeBlockHeader(I)V @ 33
Event: 19.142 Thread 0x000000001f019000 Uncommon trap: reason=unstable_if action=reinterpret pc=0x0000000004c8af80 method=org.gradle.internal.fingerprint.impl.RelativePathFingerprintingStrategy$1.visit(Lorg/gradle/internal/snapshot/FileSystemLocationSnapshot;)V @ 15
Event: 19.185 Thread 0x0000000023a2f800 Uncommon trap: reason=unstable_if action=reinterpret pc=0x00000000044207dc method=com.esotericsoftware.kryo.io.Output.writeVarLong(JZ)I @ 55
Event: 19.264 Thread 0x000000001f01a800 Uncommon trap: reason=class_check action=maybe_recompile pc=0x00000000037c9f64 method=org.gradle.api.internal.file.pattern.FixedStepPathMatcher.matches([Ljava/lang/String;I)Z @ 48
Event: 19.314 Thread 0x000000001f019000 Uncommon trap: reason=unstable_if action=reinterpret pc=0x0000000004dc7914 method=org.gradle.execution.plan.DefaultExecutionPlan.hasNodesRemaining()Z @ 16

Classes redefined (0 events):
No events

Internal exceptions (10 events):
Event: 6.471 Thread 0x000000001c4ac000 Exception <a 'java/lang/NoSuchMethodError': <clinit>> (0x00000000e6cfc688) thrown at [C:\src\AOSP-openjdk-git\hotspot\src\share\vm\prims\jni.cpp, line 1615]
Event: 6.472 Thread 0x000000001c4ac000 Exception <a 'java/lang/NoSuchMethodError': <clinit>> (0x00000000e6d0d1e0) thrown at [C:\src\AOSP-openjdk-git\hotspot\src\share\vm\prims\jni.cpp, line 1615]
Event: 18.508 Thread 0x000000001be17000 Implicit null exception at 0x000000000490fa97 to 0x0000000004915795
Event: 18.508 Thread 0x000000001be17000 Implicit null exception at 0x0000000004c92132 to 0x0000000004c92401
Event: 18.508 Thread 0x000000001be17000 Implicit null exception at 0x000000000454d37e to 0x000000000454ea85
Event: 18.510 Thread 0x000000001be17000 Implicit null exception at 0x0000000003776e3c to 0x0000000003776edd
Event: 18.510 Thread 0x000000001be17000 Implicit null exception at 0x00000000037241fc to 0x000000000372429d
Event: 18.573 Thread 0x000000001be17000 Implicit null exception at 0x0000000003824963 to 0x0000000003824a9d
Event: 18.837 Thread 0x000000001f01e800 Implicit null exception at 0x000000000463a99e to 0x000000000463c84d
Event: 19.311 Thread 0x000000001f021800 Exception <a 'java/io/FileNotFoundException'> (0x00000000e4e7e078) thrown at [C:\src\AOSP-openjdk-git\hotspot\src\share\vm\prims\jni.cpp, line 710]

Events (10 events):
Event: 19.329 Thread 0x00000000188b1000 flushing nmethod 0x0000000003ecbdd0
Event: 19.329 Thread 0x00000000188b1000 flushing nmethod 0x0000000003ede350
Event: 19.329 Thread 0x00000000188b1000 flushing nmethod 0x0000000003ee73d0
Event: 19.330 Thread 0x00000000188be800 flushing nmethod 0x00000000040e05d0
Event: 19.330 Thread 0x00000000188be800 flushing nmethod 0x00000000040fcd50
Event: 19.331 Thread 0x00000000188bb800 flushing nmethod 0x00000000041df690
Event: 19.331 Thread 0x00000000188bb800 flushing nmethod 0x0000000004208710
Event: 19.331 Thread 0x00000000188bb800 flushing nmethod 0x0000000004243550
Event: 19.331 Thread 0x00000000188bb800 flushing nmethod 0x0000000004245150
Event: 19.335 Thread 0x00000000188bb800 flushing nmethod 0x00000000049080d0


Dynamic libraries:
0x00007ff697a80000 - 0x00007ff697ab1000 	C:\Program Files\Android\Android Studio\jre\bin\java.exe
0x00007ffed5080000 - 0x00007ffed5270000 	C:\Windows\SYSTEM32\ntdll.dll
0x00007ffed4d10000 - 0x00007ffed4dc2000 	C:\Windows\System32\KERNEL32.DLL
0x00007ffed2010000 - 0x00007ffed22b3000 	C:\Windows\System32\KERNELBASE.dll
0x00007ffed3950000 - 0x00007ffed39f3000 	C:\Windows\System32\ADVAPI32.dll
0x00007ffed3d70000 - 0x00007ffed3e0e000 	C:\Windows\System32\msvcrt.dll
0x00007ffed3e10000 - 0x00007ffed3ea7000 	C:\Windows\System32\sechost.dll
0x00007ffed4840000 - 0x00007ffed4960000 	C:\Windows\System32\RPCRT4.dll
0x00007ffed4dd0000 - 0x00007ffed4f64000 	C:\Windows\System32\USER32.dll
0x00007ffed22c0000 - 0x00007ffed22e1000 	C:\Windows\System32\win32u.dll
0x00007ffed3130000 - 0x00007ffed3156000 	C:\Windows\System32\GDI32.dll
0x00007ffed23c0000 - 0x00007ffed2554000 	C:\Windows\System32\gdi32full.dll
0x00007ffed2660000 - 0x00007ffed26fe000 	C:\Windows\System32\msvcp_win.dll
0x00007ffed2560000 - 0x00007ffed265a000 	C:\Windows\System32\ucrtbase.dll
0x00007ffec5ee0000 - 0x00007ffec6165000 	C:\Windows\WinSxS\amd64_microsoft.windows.common-controls_6595b64144ccf1df_6.0.18362.592_none_e6c0b1911312be02\COMCTL32.dll
0x00007ffed3600000 - 0x00007ffed3936000 	C:\Windows\System32\combase.dll
0x00007ffed27e0000 - 0x00007ffed2860000 	C:\Windows\System32\bcryptPrimitives.dll
0x00007ffed35d0000 - 0x00007ffed35fe000 	C:\Windows\System32\IMM32.DLL
0x000000006be40000 - 0x000000006bf12000 	C:\Program Files\Android\Android Studio\jre\jre\bin\msvcr100.dll
0x000000006c180000 - 0x000000006c9cb000 	C:\Program Files\Android\Android Studio\jre\jre\bin\server\jvm.dll
0x00007ffed4960000 - 0x00007ffed4968000 	C:\Windows\System32\PSAPI.DLL
0x00007ffec10f0000 - 0x00007ffec10f9000 	C:\Windows\SYSTEM32\WSOCK32.dll
0x00007ffecbbe0000 - 0x00007ffecbc04000 	C:\Windows\SYSTEM32\WINMM.dll
0x00007ffecdf70000 - 0x00007ffecdf7a000 	C:\Windows\SYSTEM32\VERSION.dll
0x00007ffed3eb0000 - 0x00007ffed3f1f000 	C:\Windows\System32\WS2_32.dll
0x00007ffecbbb0000 - 0x00007ffecbbdd000 	C:\Windows\SYSTEM32\WINMMBASE.dll
0x00007ffed2760000 - 0x00007ffed27aa000 	C:\Windows\System32\cfgmgr32.dll
0x00007ffec10e0000 - 0x00007ffec10ef000 	C:\Program Files\Android\Android Studio\jre\jre\bin\verify.dll
0x00007ffec05c0000 - 0x00007ffec05e9000 	C:\Program Files\Android\Android Studio\jre\jre\bin\java.dll
0x00007ffebfb20000 - 0x00007ffebfb36000 	C:\Program Files\Android\Android Studio\jre\jre\bin\zip.dll
0x00007ffed3f20000 - 0x00007ffed4605000 	C:\Windows\System32\SHELL32.dll
0x00007ffed3cc0000 - 0x00007ffed3d69000 	C:\Windows\System32\shcore.dll
0x00007ffed29b0000 - 0x00007ffed312f000 	C:\Windows\System32\windows.storage.dll
0x00007ffed1fb0000 - 0x00007ffed1fcf000 	C:\Windows\System32\profapi.dll
0x00007ffed1f60000 - 0x00007ffed1faa000 	C:\Windows\System32\powrprof.dll
0x00007ffed1f50000 - 0x00007ffed1f60000 	C:\Windows\System32\UMPDC.dll
0x00007ffed4630000 - 0x00007ffed4682000 	C:\Windows\System32\shlwapi.dll
0x00007ffed1ff0000 - 0x00007ffed2001000 	C:\Windows\System32\kernel.appcore.dll
0x00007ffed22f0000 - 0x00007ffed2307000 	C:\Windows\System32\cryptsp.dll
0x00007ffebfb00000 - 0x00007ffebfb1a000 	C:\Program Files\Android\Android Studio\jre\jre\bin\net.dll
0x00007ffed17c0000 - 0x00007ffed1827000 	C:\Windows\system32\mswsock.dll
0x00007ffebfae0000 - 0x00007ffebfaf3000 	C:\Program Files\Android\Android Studio\jre\jre\bin\nio.dll
0x00007ffead350000 - 0x00007ffead376000 	C:\Users\Administrator\.gradle\native\29\windows-amd64\native-platform.dll
0x00007ffec10d0000 - 0x00007ffec10dd000 	C:\Program Files\Android\Android Studio\jre\jre\bin\management.dll
0x00007ffed1330000 - 0x00007ffed1363000 	C:\Windows\system32\rsaenh.dll
0x00007ffed27b0000 - 0x00007ffed27d6000 	C:\Windows\System32\bcrypt.dll
0x00007ffed1e70000 - 0x00007ffed1e95000 	C:\Windows\SYSTEM32\USERENV.dll
0x00007ffed1990000 - 0x00007ffed199c000 	C:\Windows\SYSTEM32\CRYPTBASE.dll
0x00007ffed14d0000 - 0x00007ffed150a000 	C:\Windows\SYSTEM32\IPHLPAPI.DLL
0x00007ffed3940000 - 0x00007ffed3948000 	C:\Windows\System32\NSI.dll
0x00007ffecbf90000 - 0x00007ffecbfa6000 	C:\Windows\SYSTEM32\dhcpcsvc6.DLL
0x00007ffecbf70000 - 0x00007ffecbf8c000 	C:\Windows\SYSTEM32\dhcpcsvc.DLL
0x00007ffed1510000 - 0x00007ffed15da000 	C:\Windows\SYSTEM32\DNSAPI.dll

VM Arguments:
jvm_args: -Xmx1536m -Dfile.encoding=GBK -Duser.country=CN -Duser.language=zh -Duser.variant 
java_command: org.gradle.launcher.daemon.bootstrap.GradleDaemon 5.4.1
java_class_path (initial): C:\Users\Administrator\.gradle\wrapper\dists\gradle-5.4.1-all\3221gyojl5jsh0helicew7rwx\gradle-5.4.1\lib\gradle-launcher-5.4.1.jar
Launcher Type: SUN_STANDARD

Environment Variables:
PATH=C:\Windows\system32;C:\Windows;C:\Windows\System32\Wbem;C:\Windows\System32\WindowsPowerShell\v1.0\;C:\Windows\System32\OpenSSH\;C:\Users\Administrator\AppData\Local\Microsoft\WindowsApps;
USERNAME=Administrator
OS=Windows_NT
PROCESSOR_IDENTIFIER=AMD64 Family 23 Model 113 Stepping 0, AuthenticAMD



---------------  S Y S T E M  ---------------

OS: Windows 10.0 , 64 bit Build 18362 (10.0.18362.329)

CPU:total 16 (initial active 16) (16 cores per cpu, 1 threads per core) family 23 model 113 stepping 0, cmov, cx8, fxsr, mmx, sse, sse2, sse3, ssse3, sse4.1, sse4.2, popcnt, avx, avx2, aes, clmul, mmxext, 3dnowpref, lzcnt, sse4a, tsc, tscinvbit, tscinv, bmi1

Memory: 4k page, physical 16726648k(10474196k free), swap 19741304k(9504056k free)

vm_info: OpenJDK 64-Bit Server VM (25.242-b01) for windows-amd64 JRE (1.8.0_242-release-1644-b01), built by "builder" with MS VC++ 10.0 (VS2010)

time: Sun Nov 01 01:24:10 2020
timezone: 中国标准时间
elapsed time: 19 seconds (0d 0h 0m 19s)

